Base path: /Applications/Unity/Unity.app/Contents
Pipe name: \\.\pipe\UnityShaderCompiler-1--1600609880
Cmd: getPlatforms
Cmd: preprocess
  insize=965 outsize=1363 ok=1
Cmd: compileSnippet
  api=0 type=0 insize=4797 outsize=1058 kw=DIRECTIONAL SHADOWS_OFF LIGHTMAP_OFF DIRLIGHTMAP_OFF ok=1
Cmd: compileSnippet
  api=0 type=1 insize=4797 outsize=644 kw=DIRECTIONAL SHADOWS_OFF LIGHTMAP_OFF DIRLIGHTMAP_OFF ok=1
Cmd: compileSnippet
  api=0 type=0 insize=2603 outsize=817 kw=POINT ok=1
Cmd: compileSnippet
  api=0 type=1 insize=2603 outsize=561 kw=POINT ok=1
Cmd: compileSnippet
  api=0 type=0 insize=2131 outsize=457 kw= ok=1
Cmd: compileSnippet
  api=0 type=1 insize=2131 outsize=159 kw= ok=1
Cmd: compileSnippet
  api=0 type=0 insize=4608 outsize=1480 kw=LIGHTMAP_OFF DIRLIGHTMAP_OFF HDR_LIGHT_PREPASS_OFF ok=1
Cmd: compileSnippet
  api=0 type=1 insize=4608 outsize=612 kw=LIGHTMAP_OFF DIRLIGHTMAP_OFF HDR_LIGHT_PREPASS_OFF ok=1
Cmd: compileSnippet
  api=0 type=0 insize=4797 outsize=1173 kw=DIRECTIONAL SHADOWS_SCREEN LIGHTMAP_OFF DIRLIGHTMAP_OFF ok=1
Cmd: compileSnippet
  api=0 type=1 insize=4797 outsize=712 kw=DIRECTIONAL SHADOWS_SCREEN LIGHTMAP_OFF DIRLIGHTMAP_OFF ok=1
Cmd: compileSnippet
  api=0 type=0 insize=2603 outsize=560 kw=DIRECTIONAL ok=1
Cmd: compileSnippet
  api=0 type=1 insize=2603 outsize=380 kw=DIRECTIONAL ok=1
